
  .   ____          _            __ _ _
 /\\ / ___'_ __ _ _(_)_ __  __ _ \ \ \ \
( ( )\___ | '_ | '_| | '_ \/ _` | \ \ \ \
 \\/  ___)| |_)| | | | | || (_| |  ) ) ) )
  '  |____| .__|_| |_|_| |_\__, | / / / /
 =========|_|==============|___/=/_/_/_/

 :: Spring Boot ::                (v4.0.2)

2026-02-25T23:54:00.328-03:00  INFO 14380 --- [concurseiro-api] [           main] b.c.c.api.ConcurseiroApiApplication      : Starting ConcurseiroApiApplication v0.0.1-SNAPSHOT using Java 21.0.10 with PID 14380 (/home/mauricio/Documentos/projetos-java/backend/concurseiro-api/target/concurseiro-api-0.0.1-SNAPSHOT.jar started by mauricio in /home/mauricio/Documentos/projetos-java/backend/concurseiro-api)
2026-02-25T23:54:00.335-03:00  INFO 14380 --- [concurseiro-api] [           main] b.c.c.api.ConcurseiroApiApplication      : No active profile set, falling back to 1 default profile: "default"
2026-02-25T23:54:01.539-03:00  INFO 14380 --- [concurseiro-api] [           main] .s.d.r.c.RepositoryConfigurationDelegate : Bootstrapping Spring Data JPA repositories in DEFAULT mode.
2026-02-25T23:54:01.651-03:00  INFO 14380 --- [concurseiro-api] [           main] .s.d.r.c.RepositoryConfigurationDelegate : Finished Spring Data repository scanning in 98 ms. Found 7 JPA repository interfaces.
2026-02-25T23:54:02.517-03:00  INFO 14380 --- [concurseiro-api] [           main] o.s.boot.tomcat.TomcatWebServer          : Tomcat initialized with port 8080 (http)
2026-02-25T23:54:02.551-03:00  INFO 14380 --- [concurseiro-api] [           main] o.apache.catalina.core.StandardService   : Starting service [Tomcat]
2026-02-25T23:54:02.552-03:00  INFO 14380 --- [concurseiro-api] [           main] o.apache.catalina.core.StandardEngine    : Starting Servlet engine: [Apache Tomcat/11.0.15]
2026-02-25T23:54:02.598-03:00  INFO 14380 --- [concurseiro-api] [           main] b.w.c.s.WebApplicationContextInitializer : Root WebApplicationContext: initialization completed in 2183 ms
2026-02-25T23:54:02.856-03:00  INFO 14380 --- [concurseiro-api] [           main] org.hibernate.orm.jpa                    : HHH008540: Processing PersistenceUnitInfo [name: default]
2026-02-25T23:54:02.976-03:00  INFO 14380 --- [concurseiro-api] [           main] org.hibernate.orm.core                   : HHH000001: Hibernate ORM core version 7.2.1.Final
2026-02-25T23:54:03.534-03:00  INFO 14380 --- [concurseiro-api] [           main] o.s.o.j.p.SpringPersistenceUnitInfo      : No LoadTimeWeaver setup: ignoring JPA class transformer
2026-02-25T23:54:03.584-03:00  INFO 14380 --- [concurseiro-api] [           main] com.zaxxer.hikari.HikariDataSource       : HikariPool-1 - Starting...
2026-02-25T23:54:03.916-03:00  INFO 14380 --- [concurseiro-api] [           main] com.zaxxer.hikari.pool.HikariPool        : HikariPool-1 - Added connection org.postgresql.jdbc.PgConnection@6f4adaab
2026-02-25T23:54:03.920-03:00  INFO 14380 --- [concurseiro-api] [           main] com.zaxxer.hikari.HikariDataSource       : HikariPool-1 - Start completed.
2026-02-25T23:54:03.990-03:00  WARN 14380 --- [concurseiro-api] [           main] org.hibernate.orm.deprecation            : HHH90000025: PostgreSQLDialect does not need to be specified explicitly using 'hibernate.dialect' (remove the property setting and it will be selected by default)
2026-02-25T23:54:04.033-03:00  INFO 14380 --- [concurseiro-api] [           main] org.hibernate.orm.connections.pooling    : HHH10001005: Database info:
	Database JDBC URL [jdbc:postgresql://localhost:5432/concurseiro]
	Database driver: PostgreSQL JDBC Driver
	Database dialect: PostgreSQLDialect
	Database version: 18.1
	Default catalog/schema: concurseiro/public
	Autocommit mode: undefined/unknown
	Isolation level: READ_COMMITTED [default READ_COMMITTED]
	JDBC fetch size: none
	Pool: DataSourceConnectionProvider
	Minimum pool size: undefined/unknown
	Maximum pool size: undefined/unknown
2026-02-25T23:54:05.325-03:00  INFO 14380 --- [concurseiro-api] [           main] org.hibernate.orm.core                   : HHH000489: No JTA platform available (set 'hibernate.transaction.jta.platform' to enable JTA platform integration)
2026-02-25T23:54:05.414-03:00  INFO 14380 --- [concurseiro-api] [           main] j.LocalContainerEntityManagerFactoryBean : Initialized JPA EntityManagerFactory for persistence unit 'default'
2026-02-25T23:54:05.509-03:00  INFO 14380 --- [concurseiro-api] [           main] o.s.d.j.r.query.QueryEnhancerFactories   : Hibernate is in classpath; If applicable, HQL parser will be used.
2026-02-25T23:54:05.886-03:00  INFO 14380 --- [concurseiro-api] [           main] r$InitializeUserDetailsManagerConfigurer : Global AuthenticationManager configured with UserDetailsService bean with name userDetailsServiceImpl
2026-02-25T23:54:06.603-03:00  INFO 14380 --- [concurseiro-api] [           main] o.s.boot.tomcat.TomcatWebServer          : Tomcat started on port 8080 (http) with context path '/'
2026-02-25T23:54:06.612-03:00  INFO 14380 --- [concurseiro-api] [           main] b.c.c.api.ConcurseiroApiApplication      : Started ConcurseiroApiApplication in 6.935 seconds (process running for 7.685)
2026-02-25T23:54:15.643-03:00  INFO 14380 --- [concurseiro-api] [nio-8080-exec-1] o.a.c.c.C.[Tomcat].[localhost].[/]       : Initializing Spring DispatcherServlet 'dispatcherServlet'
2026-02-25T23:54:15.643-03:00  INFO 14380 --- [concurseiro-api] [nio-8080-exec-1] o.s.web.servlet.DispatcherServlet        : Initializing Servlet 'dispatcherServlet'
2026-02-25T23:54:15.645-03:00  INFO 14380 --- [concurseiro-api] [nio-8080-exec-1] o.s.web.servlet.DispatcherServlet        : Completed initialization in 2 ms
2026-02-25T23:54:15.709-03:00  WARN 14380 --- [concurseiro-api] [nio-8080-exec-1] b.c.c.api.questoes.QuestaoService        : Filtro por texto usado: instituicao='PC-BA' (prefira instituicaoId)
